[0.015s] Invoking command in '/home/john22/disco_origin/src/disco_slam_copy/build/disco_slam': PS1=\n(TraeAI-27) \w [$?] $ __trae_PS1=\n(TraeAI-27) \w [$?] $ /usr/bin/cmake --build /home/john22/disco_origin/src/disco_slam_copy/build/disco_slam -- -j20 -l20
[0.041s] -- Configuring for ROS 2...
[0.041s] -- Found ament_cmake: 1.3.12 (/opt/ros/humble/share/ament_cmake/cmake)
[0.180s] Traceback (most recent call last):
[0.180s]   File "/opt/ros/humble/share/ament_cmake_core/cmake/package_templates/templates_2_cmake.py", line 21, in <module>
[0.180s]     from ament_package.templates import get_environment_hook_template_path
[0.180s] ModuleNotFoundError: No module named 'ament_package'
[0.192s] [31mCMake Error at /opt/ros/humble/share/ament_cmake_core/cmake/ament_cmake_package_templates-extras.cmake:41 (message):
[0.193s]   execute_process(/usr/bin/python3
[0.193s]   /opt/ros/humble/share/ament_cmake_core/cmake/package_templates/templates_2_cmake.py
[0.193s]   /home/john22/disco_origin/src/disco_slam_copy/build/disco_slam/ament_cmake_package_templates/templates.cmake)
[0.193s]   returned error code 1
[0.193s] Call Stack (most recent call first):
[0.193s]   /opt/ros/humble/share/ament_cmake_core/cmake/ament_cmake_coreConfig.cmake:41 (include)
[0.193s]   /opt/ros/humble/share/ament_cmake/cmake/ament_cmake_export_dependencies-extras.cmake:15 (find_package)
[0.193s]   /opt/ros/humble/share/ament_cmake/cmake/ament_cmakeConfig.cmake:41 (include)
[0.193s]   CMakeLists.txt:43 (find_package)
[0.193s] 
[0.193s] [0m
[0.193s] -- Configuring incomplete, errors occurred!
[0.193s] See also "/home/john22/disco_origin/src/disco_slam_copy/build/disco_slam/CMakeFiles/CMakeOutput.log".
[0.197s] gmake: *** [Makefile:1372: cmake_check_build_system] Error 1
[0.201s] Invoked command in '/home/john22/disco_origin/src/disco_slam_copy/build/disco_slam' returned '2': PS1=\n(TraeAI-27) \w [$?] $ __trae_PS1=\n(TraeAI-27) \w [$?] $ /usr/bin/cmake --build /home/john22/disco_origin/src/disco_slam_copy/build/disco_slam -- -j20 -l20
